  Framework.cpp
C:\UsingProject\2021_GameServer_Termproject\2021_GameServer_Termproject_vacation\Client\TP_Client\Framework.cpp(188,48): warning C4244: '인수': 'float'에서 'int'(으)로 변환하면서 데이터가 손실될 수 있습니다.
C:\UsingProject\2021_GameServer_Termproject\2021_GameServer_Termproject_vacation\Client\TP_Client\Framework.cpp(188,22): warning C4244: '인수': 'float'에서 'int'(으)로 변환하면서 데이터가 손실될 수 있습니다.
C:\UsingProject\2021_GameServer_Termproject\2021_GameServer_Termproject_vacation\Client\TP_Client\Framework.cpp(187,80): warning C4244: '인수': 'float'에서 'int'(으)로 변환하면서 데이터가 손실될 수 있습니다.
C:\UsingProject\2021_GameServer_Termproject\2021_GameServer_Termproject_vacation\Client\TP_Client\Framework.cpp(187,54): warning C4244: '인수': 'float'에서 'int'(으)로 변환하면서 데이터가 손실될 수 있습니다.
C:\UsingProject\2021_GameServer_Termproject\2021_GameServer_Termproject_vacation\Client\TP_Client\Framework.cpp(225,19): warning C4244: '인수': 'double'에서 'int'(으)로 변환하면서 데이터가 손실될 수 있습니다.
C:\UsingProject\2021_GameServer_Termproject\2021_GameServer_Termproject_vacation\Client\TP_Client\Framework.cpp(254,22): warning C4477: 'sprintf' : 서식 문자열 '%s'에 'char *' 형식의 인수가 필요하지만 variadic 인수 1의 형식이 'TCHAR *'입니다.
C:\UsingProject\2021_GameServer_Termproject\2021_GameServer_Termproject_vacation\Client\TP_Client\Framework.cpp(254,22): message : 서식 문자열에서 '%ls'을(를) 사용하는 것이 좋습니다.
C:\UsingProject\2021_GameServer_Termproject\2021_GameServer_Termproject_vacation\Client\TP_Client\Framework.cpp(254,22): message : 서식 문자열에서 '%lls'을(를) 사용하는 것이 좋습니다.
C:\UsingProject\2021_GameServer_Termproject\2021_GameServer_Termproject_vacation\Client\TP_Client\Framework.cpp(254,22): message : 서식 문자열에서 '%Ls'을(를) 사용하는 것이 좋습니다.
C:\UsingProject\2021_GameServer_Termproject\2021_GameServer_Termproject_vacation\Client\TP_Client\Framework.cpp(254,22): message : 서식 문자열에서 '%ws'을(를) 사용하는 것이 좋습니다.
C:\UsingProject\2021_GameServer_Termproject\2021_GameServer_Termproject_vacation\Client\TP_Client\Framework.cpp(272,21): warning C4477: 'sprintf' : 서식 문자열 '%s'에 'char *' 형식의 인수가 필요하지만 variadic 인수 1의 형식이 'TCHAR *'입니다.
C:\UsingProject\2021_GameServer_Termproject\2021_GameServer_Termproject_vacation\Client\TP_Client\Framework.cpp(272,21): message : 서식 문자열에서 '%ls'을(를) 사용하는 것이 좋습니다.
C:\UsingProject\2021_GameServer_Termproject\2021_GameServer_Termproject_vacation\Client\TP_Client\Framework.cpp(272,21): message : 서식 문자열에서 '%lls'을(를) 사용하는 것이 좋습니다.
C:\UsingProject\2021_GameServer_Termproject\2021_GameServer_Termproject_vacation\Client\TP_Client\Framework.cpp(272,21): message : 서식 문자열에서 '%Ls'을(를) 사용하는 것이 좋습니다.
C:\UsingProject\2021_GameServer_Termproject\2021_GameServer_Termproject_vacation\Client\TP_Client\Framework.cpp(272,21): message : 서식 문자열에서 '%ws'을(를) 사용하는 것이 좋습니다.
C:\UsingProject\2021_GameServer_Termproject\2021_GameServer_Termproject_vacation\Client\TP_Client\Framework.cpp(305,22): warning C4244: '인수': 'double'에서 'int'(으)로 변환하면서 데이터가 손실될 수 있습니다.
C:\UsingProject\2021_GameServer_Termproject\2021_GameServer_Termproject_vacation\Client\TP_Client\Framework.cpp(309,22): warning C4244: '인수': 'double'에서 'int'(으)로 변환하면서 데이터가 손실될 수 있습니다.
C:\UsingProject\2021_GameServer_Termproject\2021_GameServer_Termproject_vacation\Client\TP_Client\Framework.cpp(315,19): warning C4244: '초기화 중': 'WPARAM'에서 'int'(으)로 변환하면서 데이터가 손실될 수 있습니다.
C:\UsingProject\2021_GameServer_Termproject\2021_GameServer_Termproject_vacation\Client\TP_Client\Framework.cpp(337,22): warning C4244: '인수': 'double'에서 'int'(으)로 변환하면서 데이터가 손실될 수 있습니다.
C:\UsingProject\2021_GameServer_Termproject\2021_GameServer_Termproject_vacation\Client\TP_Client\Framework.cpp(346,22): warning C4244: '인수': 'double'에서 'int'(으)로 변환하면서 데이터가 손실될 수 있습니다.
C:\UsingProject\2021_GameServer_Termproject\2021_GameServer_Termproject_vacation\Client\TP_Client\Framework.cpp(400,22): warning C4244: '인수': 'double'에서 'int'(으)로 변환하면서 데이터가 손실될 수 있습니다.
C:\UsingProject\2021_GameServer_Termproject\2021_GameServer_Termproject_vacation\Client\TP_Client\Framework.cpp(459,17): warning C4244: '초기화 중': 'float'에서 'int'(으)로 변환하면서 데이터가 손실될 수 있습니다.
C:\UsingProject\2021_GameServer_Termproject\2021_GameServer_Termproject_vacation\Client\TP_Client\Framework.cpp(498,21): warning C4244: '인수': 'double'에서 'int'(으)로 변환하면서 데이터가 손실될 수 있습니다.
C:\UsingProject\2021_GameServer_Termproject\2021_GameServer_Termproject_vacation\Client\TP_Client\Framework.cpp(502,21): warning C4244: '인수': 'double'에서 'int'(으)로 변환하면서 데이터가 손실될 수 있습니다.
C:\UsingProject\2021_GameServer_Termproject\2021_GameServer_Termproject_vacation\Client\TP_Client\Framework.cpp(213,9): warning C4101: 's_wsabuf' :참조되지 않은 지역 변수입니다.
C:\UsingProject\2021_GameServer_Termproject\2021_GameServer_Termproject_vacation\Client\TP_Client\Framework.cpp(213,22): warning C4101: 'r_wsabuf' :참조되지 않은 지역 변수입니다.
C:\UsingProject\2021_GameServer_Termproject\2021_GameServer_Termproject_vacation\Client\TP_Client\Framework.cpp(212,8): warning C4101: 'bytes_sent' :참조되지 않은 지역 변수입니다.
C:\UsingProject\2021_GameServer_Termproject\2021_GameServer_Termproject_vacation\Client\TP_Client\Framework.cpp(212,20): warning C4101: 'bytes_recv' :참조되지 않은 지역 변수입니다.
C:\UsingProject\2021_GameServer_Termproject\2021_GameServer_Termproject_vacation\Client\TP_Client\Framework.cpp(550,34): warning C4244: '=': 'LONG'에서 'short'(으)로 변환하면서 데이터가 손실될 수 있습니다.
C:\UsingProject\2021_GameServer_Termproject\2021_GameServer_Termproject_vacation\Client\TP_Client\Framework.cpp(635,23): warning C4244: '=': 'float'에서 'short'(으)로 변환하면서 데이터가 손실될 수 있습니다.
C:\UsingProject\2021_GameServer_Termproject\2021_GameServer_Termproject_vacation\Client\TP_Client\Framework.cpp(636,23): warning C4244: '=': 'float'에서 'short'(으)로 변환하면서 데이터가 손실될 수 있습니다.
C:\UsingProject\2021_GameServer_Termproject\2021_GameServer_Termproject_vacation\Client\TP_Client\Framework.cpp(654,24): warning C4244: '=': 'float'에서 'short'(으)로 변환하면서 데이터가 손실될 수 있습니다.
C:\UsingProject\2021_GameServer_Termproject\2021_GameServer_Termproject_vacation\Client\TP_Client\Framework.cpp(655,23): warning C4244: '=': 'float'에서 'short'(으)로 변환하면서 데이터가 손실될 수 있습니다.
C:\UsingProject\2021_GameServer_Termproject\2021_GameServer_Termproject_vacation\Client\TP_Client\Framework.cpp(611,7): warning C4101: 'buf' :참조되지 않은 지역 변수입니다.
C:\UsingProject\2021_GameServer_Termproject\2021_GameServer_Termproject_vacation\Client\TP_Client\Framework.cpp(887,97): warning C4244: '인수': 'float'에서 'int'(으)로 변환하면서 데이터가 손실될 수 있습니다.
C:\UsingProject\2021_GameServer_Termproject\2021_GameServer_Termproject_vacation\Client\TP_Client\Framework.cpp(887,52): warning C4244: '인수': 'float'에서 'int'(으)로 변환하면서 데이터가 손실될 수 있습니다.
C:\UsingProject\2021_GameServer_Termproject\2021_GameServer_Termproject_vacation\Client\TP_Client\Framework.cpp(944,46): warning C4244: '인수': 'float'에서 'int'(으)로 변환하면서 데이터가 손실될 수 있습니다.
C:\UsingProject\2021_GameServer_Termproject\2021_GameServer_Termproject_vacation\Client\TP_Client\Framework.cpp(944,20): warning C4244: '인수': 'float'에서 'int'(으)로 변환하면서 데이터가 손실될 수 있습니다.
C:\UsingProject\2021_GameServer_Termproject\2021_GameServer_Termproject_vacation\Client\TP_Client\Framework.cpp(943,66): warning C4244: '인수': 'float'에서 'int'(으)로 변환하면서 데이터가 손실될 수 있습니다.
C:\UsingProject\2021_GameServer_Termproject\2021_GameServer_Termproject_vacation\Client\TP_Client\Framework.cpp(943,40): warning C4244: '인수': 'float'에서 'int'(으)로 변환하면서 데이터가 손실될 수 있습니다.
C:\UsingProject\2021_GameServer_Termproject\2021_GameServer_Termproject_vacation\Client\TP_Client\Framework.cpp(950,36): warning C4267: '인수': 'size_t'에서 'int'(으)로 변환하면서 데이터가 손실될 수 있습니다.
C:\UsingProject\2021_GameServer_Termproject\2021_GameServer_Termproject_vacation\Client\TP_Client\Framework.cpp(949,41): warning C4244: '인수': 'float'에서 'int'(으)로 변환하면서 데이터가 손실될 수 있습니다.
C:\UsingProject\2021_GameServer_Termproject\2021_GameServer_Termproject_vacation\Client\TP_Client\Framework.cpp(954,45): warning C4267: '인수': 'size_t'에서 'int'(으)로 변환하면서 데이터가 손실될 수 있습니다.
C:\UsingProject\2021_GameServer_Termproject\2021_GameServer_Termproject_vacation\Client\TP_Client\Framework.cpp(953,42): warning C4244: '인수': 'float'에서 'int'(으)로 변환하면서 데이터가 손실될 수 있습니다.
  GameObject.cpp
C:\UsingProject\2021_GameServer_Termproject\2021_GameServer_Termproject_vacation\Client\TP_Client\GameObject.cpp(118,35): warning C4244: '인수': 'const T'에서 'int'(으)로 변환하면서 데이터가 손실될 수 있습니다.
          with
          [
              T=float
          ]
C:\UsingProject\2021_GameServer_Termproject\2021_GameServer_Termproject_vacation\Client\TP_Client\GameObject.cpp(118,18): warning C4244: '인수': 'const T'에서 'int'(으)로 변환하면서 데이터가 손실될 수 있습니다.
          with
          [
              T=float
          ]
C:\UsingProject\2021_GameServer_Termproject\2021_GameServer_Termproject_vacation\Client\TP_Client\GameObject.cpp(117,41): warning C4244: '인수': 'T'에서 'int'(으)로 변환하면서 데이터가 손실될 수 있습니다.
          with
          [
              T=float
          ]
C:\UsingProject\2021_GameServer_Termproject\2021_GameServer_Termproject_vacation\Client\TP_Client\GameObject.cpp(117,18): warning C4244: '인수': 'T'에서 'int'(으)로 변환하면서 데이터가 손실될 수 있습니다.
          with
          [
              T=float
          ]
C:\UsingProject\2021_GameServer_Termproject\2021_GameServer_Termproject_vacation\Client\TP_Client\GameObject.cpp(154,29): warning C4244: '인수': 'float'에서 'int'(으)로 변환하면서 데이터가 손실될 수 있습니다.
C:\UsingProject\2021_GameServer_Termproject\2021_GameServer_Termproject_vacation\Client\TP_Client\GameObject.cpp(153,28): warning C4244: '인수': 'float'에서 'int'(으)로 변환하면서 데이터가 손실될 수 있습니다.
C:\UsingProject\2021_GameServer_Termproject\2021_GameServer_Termproject_vacation\Client\TP_Client\GameObject.cpp(152,48): warning C4244: '인수': 'float'에서 'int'(으)로 변환하면서 데이터가 손실될 수 있습니다.
C:\UsingProject\2021_GameServer_Termproject\2021_GameServer_Termproject_vacation\Client\TP_Client\GameObject.cpp(151,54): warning C4244: '인수': 'float'에서 'int'(으)로 변환하면서 데이터가 손실될 수 있습니다.
C:\UsingProject\2021_GameServer_Termproject\2021_GameServer_Termproject_vacation\Client\TP_Client\GameObject.cpp(150,33): warning C4244: '인수': 'const T'에서 'int'(으)로 변환하면서 데이터가 손실될 수 있습니다.
          with
          [
              T=float
          ]
C:\UsingProject\2021_GameServer_Termproject\2021_GameServer_Termproject_vacation\Client\TP_Client\GameObject.cpp(150,16): warning C4244: '인수': 'const T'에서 'int'(으)로 변환하면서 데이터가 손실될 수 있습니다.
          with
          [
              T=float
          ]
C:\UsingProject\2021_GameServer_Termproject\2021_GameServer_Termproject_vacation\Client\TP_Client\GameObject.cpp(149,39): warning C4244: '인수': 'T'에서 'int'(으)로 변환하면서 데이터가 손실될 수 있습니다.
          with
          [
              T=float
          ]
C:\UsingProject\2021_GameServer_Termproject\2021_GameServer_Termproject_vacation\Client\TP_Client\GameObject.cpp(149,16): warning C4244: '인수': 'T'에서 'int'(으)로 변환하면서 데이터가 손실될 수 있습니다.
          with
          [
              T=float
          ]
C:\UsingProject\2021_GameServer_Termproject\2021_GameServer_Termproject_vacation\Client\TP_Client\GameObject.cpp(167,38): warning C4244: '인수': 'float'에서 'int'(으)로 변환하면서 데이터가 손실될 수 있습니다.
C:\UsingProject\2021_GameServer_Termproject\2021_GameServer_Termproject_vacation\Client\TP_Client\GameObject.cpp(165,57): warning C4244: '인수': 'float'에서 'int'(으)로 변환하면서 데이터가 손실될 수 있습니다.
C:\UsingProject\2021_GameServer_Termproject\2021_GameServer_Termproject_vacation\Client\TP_Client\GameObject.cpp(162,33): warning C4244: '인수': 'const T'에서 'int'(으)로 변환하면서 데이터가 손실될 수 있습니다.
          with
          [
              T=float
          ]
C:\UsingProject\2021_GameServer_Termproject\2021_GameServer_Termproject_vacation\Client\TP_Client\GameObject.cpp(162,16): warning C4244: '인수': 'const T'에서 'int'(으)로 변환하면서 데이터가 손실될 수 있습니다.
          with
          [
              T=float
          ]
C:\UsingProject\2021_GameServer_Termproject\2021_GameServer_Termproject_vacation\Client\TP_Client\GameObject.cpp(161,39): warning C4244: '인수': 'T'에서 'int'(으)로 변환하면서 데이터가 손실될 수 있습니다.
          with
          [
              T=float
          ]
C:\UsingProject\2021_GameServer_Termproject\2021_GameServer_Termproject_vacation\Client\TP_Client\GameObject.cpp(161,16): warning C4244: '인수': 'T'에서 'int'(으)로 변환하면서 데이터가 손실될 수 있습니다.
          with
          [
              T=float
          ]
C:\UsingProject\2021_GameServer_Termproject\2021_GameServer_Termproject_vacation\Client\TP_Client\GameObject.cpp(180,36): warning C4244: '인수': 'float'에서 'int'(으)로 변환하면서 데이터가 손실될 수 있습니다.
C:\UsingProject\2021_GameServer_Termproject\2021_GameServer_Termproject_vacation\Client\TP_Client\GameObject.cpp(178,43): warning C4244: '인수': 'float'에서 'int'(으)로 변환하면서 데이터가 손실될 수 있습니다.
C:\UsingProject\2021_GameServer_Termproject\2021_GameServer_Termproject_vacation\Client\TP_Client\GameObject.cpp(176,33): warning C4244: '인수': 'const T'에서 'int'(으)로 변환하면서 데이터가 손실될 수 있습니다.
          with
          [
              T=float
          ]
C:\UsingProject\2021_GameServer_Termproject\2021_GameServer_Termproject_vacation\Client\TP_Client\GameObject.cpp(176,16): warning C4244: '인수': 'const T'에서 'int'(으)로 변환하면서 데이터가 손실될 수 있습니다.
          with
          [
              T=float
          ]
C:\UsingProject\2021_GameServer_Termproject\2021_GameServer_Termproject_vacation\Client\TP_Client\GameObject.cpp(175,39): warning C4244: '인수': 'T'에서 'int'(으)로 변환하면서 데이터가 손실될 수 있습니다.
          with
          [
              T=float
          ]
C:\UsingProject\2021_GameServer_Termproject\2021_GameServer_Termproject_vacation\Client\TP_Client\GameObject.cpp(175,16): warning C4244: '인수': 'T'에서 'int'(으)로 변환하면서 데이터가 손실될 수 있습니다.
          with
          [
              T=float
          ]
C:\UsingProject\2021_GameServer_Termproject\2021_GameServer_Termproject_vacation\Client\TP_Client\GameObject.cpp(192,37): warning C4244: '인수': 'float'에서 'int'(으)로 변환하면서 데이터가 손실될 수 있습니다.
C:\UsingProject\2021_GameServer_Termproject\2021_GameServer_Termproject_vacation\Client\TP_Client\GameObject.cpp(190,56): warning C4244: '인수': 'float'에서 'int'(으)로 변환하면서 데이터가 손실될 수 있습니다.
C:\UsingProject\2021_GameServer_Termproject\2021_GameServer_Termproject_vacation\Client\TP_Client\GameObject.cpp(187,33): warning C4244: '인수': 'const T'에서 'int'(으)로 변환하면서 데이터가 손실될 수 있습니다.
          with
          [
              T=float
          ]
C:\UsingProject\2021_GameServer_Termproject\2021_GameServer_Termproject_vacation\Client\TP_Client\GameObject.cpp(187,16): warning C4244: '인수': 'const T'에서 'int'(으)로 변환하면서 데이터가 손실될 수 있습니다.
          with
          [
              T=float
          ]
C:\UsingProject\2021_GameServer_Termproject\2021_GameServer_Termproject_vacation\Client\TP_Client\GameObject.cpp(186,39): warning C4244: '인수': 'T'에서 'int'(으)로 변환하면서 데이터가 손실될 수 있습니다.
          with
          [
              T=float
          ]
C:\UsingProject\2021_GameServer_Termproject\2021_GameServer_Termproject_vacation\Client\TP_Client\GameObject.cpp(186,16): warning C4244: '인수': 'T'에서 'int'(으)로 변환하면서 데이터가 손실될 수 있습니다.
          with
          [
              T=float
          ]
C:\UsingProject\2021_GameServer_Termproject\2021_GameServer_Termproject_vacation\Client\TP_Client\GameObject.cpp(204,35): warning C4244: '인수': 'float'에서 'int'(으)로 변환하면서 데이터가 손실될 수 있습니다.
C:\UsingProject\2021_GameServer_Termproject\2021_GameServer_Termproject_vacation\Client\TP_Client\GameObject.cpp(202,42): warning C4244: '인수': 'float'에서 'int'(으)로 변환하면서 데이터가 손실될 수 있습니다.
C:\UsingProject\2021_GameServer_Termproject\2021_GameServer_Termproject_vacation\Client\TP_Client\GameObject.cpp(200,33): warning C4244: '인수': 'const T'에서 'int'(으)로 변환하면서 데이터가 손실될 수 있습니다.
          with
          [
              T=float
          ]
C:\UsingProject\2021_GameServer_Termproject\2021_GameServer_Termproject_vacation\Client\TP_Client\GameObject.cpp(200,16): warning C4244: '인수': 'const T'에서 'int'(으)로 변환하면서 데이터가 손실될 수 있습니다.
          with
          [
              T=float
          ]
C:\UsingProject\2021_GameServer_Termproject\2021_GameServer_Termproject_vacation\Client\TP_Client\GameObject.cpp(199,39): warning C4244: '인수': 'T'에서 'int'(으)로 변환하면서 데이터가 손실될 수 있습니다.
          with
          [
              T=float
          ]
C:\UsingProject\2021_GameServer_Termproject\2021_GameServer_Termproject_vacation\Client\TP_Client\GameObject.cpp(199,16): warning C4244: '인수': 'T'에서 'int'(으)로 변환하면서 데이터가 손실될 수 있습니다.
          with
          [
              T=float
          ]
C:\UsingProject\2021_GameServer_Termproject\2021_GameServer_Termproject_vacation\Client\TP_Client\GameObject.cpp(214,49): warning C4244: '인수': 'float'에서 'int'(으)로 변환하면서 데이터가 손실될 수 있습니다.
C:\UsingProject\2021_GameServer_Termproject\2021_GameServer_Termproject_vacation\Client\TP_Client\GameObject.cpp(213,33): warning C4244: '인수': 'const T'에서 'int'(으)로 변환하면서 데이터가 손실될 수 있습니다.
          with
          [
              T=float
          ]
C:\UsingProject\2021_GameServer_Termproject\2021_GameServer_Termproject_vacation\Client\TP_Client\GameObject.cpp(213,16): warning C4244: '인수': 'const T'에서 'int'(으)로 변환하면서 데이터가 손실될 수 있습니다.
          with
          [
              T=float
          ]
C:\UsingProject\2021_GameServer_Termproject\2021_GameServer_Termproject_vacation\Client\TP_Client\GameObject.cpp(212,39): warning C4244: '인수': 'T'에서 'int'(으)로 변환하면서 데이터가 손실될 수 있습니다.
          with
          [
              T=float
          ]
C:\UsingProject\2021_GameServer_Termproject\2021_GameServer_Termproject_vacation\Client\TP_Client\GameObject.cpp(212,16): warning C4244: '인수': 'T'에서 'int'(으)로 변환하면서 데이터가 손실될 수 있습니다.
          with
          [
              T=float
          ]
C:\UsingProject\2021_GameServer_Termproject\2021_GameServer_Termproject_vacation\Client\TP_Client\GameObject.cpp(223,61): warning C4244: '인수': 'T'에서 'int'(으)로 변환하면서 데이터가 손실될 수 있습니다.
          with
          [
              T=float
          ]
C:\UsingProject\2021_GameServer_Termproject\2021_GameServer_Termproject_vacation\Client\TP_Client\GameObject.cpp(223,29): warning C4244: '인수': 'T'에서 'int'(으)로 변환하면서 데이터가 손실될 수 있습니다.
          with
          [
              T=float
          ]
C:\UsingProject\2021_GameServer_Termproject\2021_GameServer_Termproject_vacation\Client\TP_Client\GameObject.cpp(227,74): warning C4244: '인수': 'T'에서 'int'(으)로 변환하면서 데이터가 손실될 수 있습니다.
          with
          [
              T=float
          ]
C:\UsingProject\2021_GameServer_Termproject\2021_GameServer_Termproject_vacation\Client\TP_Client\GameObject.cpp(227,29): warning C4244: '인수': 'T'에서 'int'(으)로 변환하면서 데이터가 손실될 수 있습니다.
          with
          [
              T=float
          ]
  Main.cpp
C:\UsingProject\2021_GameServer_Termproject\2021_GameServer_Termproject_vacation\Client\TP_Client\Main.cpp(130,37): warning C4244: '=': 'float'에서 'LONG'(으)로 변환하면서 데이터가 손실될 수 있습니다.
  stdafx.cpp
C:\UsingProject\2021_GameServer_Termproject\2021_GameServer_Termproject_vacation\Client\TP_Client\stdafx.cpp(40,34): warning C4267: '초기화 중': 'size_t'에서 'int'(으)로 변환하면서 데이터가 손실될 수 있습니다.
  코드를 생성하고 있습니다.
  861 of 876 functions (98.3%) were compiled, the rest were copied from previous compilation.
    57 functions were new in current compilation
    2 functions had inline decision re-evaluated but remain unchanged
  코드를 생성했습니다.
  ChessClient.vcxproj -> C:\UsingProject\2021_GameServer_Termproject\2021_GameServer_Termproject_vacation\Client\x64\Release\TP_Client.exe
